{"C:\\Users\\DELL\\Desktop\\git repository\\javaScriptClass\\filter.js": {"path":"C:\\Users\\DELL\\Desktop\\git repository\\javaScriptClass\\filter.js","all":false,"statementMap":{"0":{"start":{"line":1,"column":0},"end":{"line":1,"column":28}},"1":{"start":{"line":2,"column":0},"end":{"line":2,"column":36}},"2":{"start":{"line":3,"column":0},"end":{"line":3,"column":21}},"3":{"start":{"line":4,"column":0},"end":{"line":4,"column":4}},"4":{"start":{"line":5,"column":0},"end":{"line":5,"column":0}},"5":{"start":{"line":6,"column":0},"end":{"line":6,"column":32}},"6":{"start":{"line":7,"column":0},"end":{"line":7,"column":30}},"7":{"start":{"line":8,"column":0},"end":{"line":8,"column":33}},"8":{"start":{"line":9,"column":0},"end":{"line":9,"column":3}},"9":{"start":{"line":10,"column":0},"end":{"line":10,"column":0}},"10":{"start":{"line":11,"column":0},"end":{"line":11,"column":39}},"11":{"start":{"line":12,"column":0},"end":{"line":12,"column":31}},"12":{"start":{"line":13,"column":0},"end":{"line":13,"column":52}},"13":{"start":{"line":14,"column":0},"end":{"line":14,"column":3}},"14":{"start":{"line":15,"column":0},"end":{"line":15,"column":46}},"15":{"start":{"line":16,"column":0},"end":{"line":16,"column":31}},"16":{"start":{"line":17,"column":0},"end":{"line":17,"column":21}},"17":{"start":{"line":18,"column":0},"end":{"line":18,"column":4}},"18":{"start":{"line":19,"column":0},"end":{"line":19,"column":44}},"19":{"start":{"line":20,"column":0},"end":{"line":20,"column":32}},"20":{"start":{"line":21,"column":0},"end":{"line":21,"column":51}},"21":{"start":{"line":22,"column":0},"end":{"line":22,"column":5}},"22":{"start":{"line":23,"column":0},"end":{"line":23,"column":0}},"23":{"start":{"line":24,"column":0},"end":{"line":24,"column":58}},"24":{"start":{"line":25,"column":0},"end":{"line":25,"column":58}},"25":{"start":{"line":26,"column":0},"end":{"line":26,"column":1}},"26":{"start":{"line":27,"column":0},"end":{"line":27,"column":0}},"27":{"start":{"line":28,"column":0},"end":{"line":28,"column":34}},"28":{"start":{"line":29,"column":0},"end":{"line":29,"column":59}},"29":{"start":{"line":30,"column":0},"end":{"line":30,"column":4}},"30":{"start":{"line":31,"column":0},"end":{"line":31,"column":0}},"31":{"start":{"line":32,"column":0},"end":{"line":32,"column":32}},"32":{"start":{"line":33,"column":0},"end":{"line":33,"column":63}},"33":{"start":{"line":34,"column":0},"end":{"line":34,"column":4}},"34":{"start":{"line":35,"column":0},"end":{"line":35,"column":0}},"35":{"start":{"line":36,"column":0},"end":{"line":36,"column":32}},"36":{"start":{"line":37,"column":0},"end":{"line":37,"column":29}},"37":{"start":{"line":38,"column":0},"end":{"line":38,"column":18}},"38":{"start":{"line":39,"column":0},"end":{"line":39,"column":1}},"39":{"start":{"line":40,"column":0},"end":{"line":40,"column":0}},"40":{"start":{"line":41,"column":0},"end":{"line":41,"column":30}},"41":{"start":{"line":42,"column":0},"end":{"line":42,"column":41}},"42":{"start":{"line":43,"column":0},"end":{"line":43,"column":1}},"43":{"start":{"line":44,"column":0},"end":{"line":44,"column":0}},"44":{"start":{"line":45,"column":0},"end":{"line":45,"column":27}},"45":{"start":{"line":46,"column":0},"end":{"line":46,"column":50}},"46":{"start":{"line":47,"column":0},"end":{"line":47,"column":18}},"47":{"start":{"line":48,"column":0},"end":{"line":48,"column":1}},"48":{"start":{"line":49,"column":0},"end":{"line":49,"column":0}},"49":{"start":{"line":50,"column":0},"end":{"line":50,"column":90}}},"s":{"0":1,"1":1,"2":1,"3":1,"4":1,"5":1,"6":1,"7":1,"8":1,"9":1,"10":1,"11":1,"12":1,"13":1,"14":1,"15":1,"16":1,"17":1,"18":1,"19":1,"20":1,"21":1,"22":1,"23":1,"24":1,"25":1,"26":1,"27":1,"28":1,"29":1,"30":1,"31":1,"32":1,"33":1,"34":1,"35":1,"36":10,"37":10,"38":10,"39":1,"40":1,"41":1,"42":1,"43":1,"44":1,"45":1,"46":1,"47":1,"48":1,"49":1},"branchMap":{"0":{"type":"branch","line":12,"loc":{"start":{"line":12,"column":1},"end":{"line":14,"column":2}},"locations":[{"start":{"line":12,"column":1},"end":{"line":14,"column":2}}]},"1":{"type":"branch","line":13,"loc":{"start":{"line":13,"column":26},"end":{"line":13,"column":51}},"locations":[{"start":{"line":13,"column":26},"end":{"line":13,"column":51}}]},"2":{"type":"branch","line":24,"loc":{"start":{"line":24,"column":40},"end":{"line":26,"column":1}},"locations":[{"start":{"line":24,"column":40},"end":{"line":26,"column":1}}]},"3":{"type":"branch","line":25,"loc":{"start":{"line":25,"column":32},"end":{"line":25,"column":56}},"locations":[{"start":{"line":25,"column":32},"end":{"line":25,"column":56}}]},"4":{"type":"branch","line":36,"loc":{"start":{"line":36,"column":23},"end":{"line":39,"column":1}},"locations":[{"start":{"line":36,"column":23},"end":{"line":39,"column":1}}]},"5":{"type":"branch","line":41,"loc":{"start":{"line":41,"column":0},"end":{"line":43,"column":1}},"locations":[{"start":{"line":41,"column":0},"end":{"line":43,"column":1}}]},"6":{"type":"branch","line":45,"loc":{"start":{"line":45,"column":0},"end":{"line":48,"column":1}},"locations":[{"start":{"line":45,"column":0},"end":{"line":48,"column":1}}]},"7":{"type":"branch","line":46,"loc":{"start":{"line":46,"column":26},"end":{"line":46,"column":48}},"locations":[{"start":{"line":46,"column":26},"end":{"line":46,"column":48}}]}},"b":{"0":[1],"1":[7],"2":[1],"3":[5],"4":[10],"5":[1],"6":[1],"7":[5]},"fnMap":{"0":{"name":"getOddNumbers","decl":{"start":{"line":12,"column":1},"end":{"line":14,"column":2}},"loc":{"start":{"line":12,"column":1},"end":{"line":14,"column":2}},"line":12},"1":{"name":"getWordsGreaterThanFourLetters","decl":{"start":{"line":24,"column":40},"end":{"line":26,"column":1}},"loc":{"start":{"line":24,"column":40},"end":{"line":26,"column":1}},"line":24},"2":{"name":"getTestScores","decl":{"start":{"line":36,"column":23},"end":{"line":39,"column":1}},"loc":{"start":{"line":36,"column":23},"end":{"line":39,"column":1}},"line":36},"3":{"name":"getScores","decl":{"start":{"line":41,"column":0},"end":{"line":43,"column":1}},"loc":{"start":{"line":41,"column":0},"end":{"line":43,"column":1}},"line":41},"4":{"name":"getAddScores","decl":{"start":{"line":45,"column":0},"end":{"line":48,"column":1}},"loc":{"start":{"line":45,"column":0},"end":{"line":48,"column":1}},"line":45}},"f":{"0":1,"1":1,"2":10,"3":1,"4":1}}
}
