TN:
SF:filter.js
FN:12,getOddNumbers
FN:24,getWordsGreaterThanFourLetters
FN:36,getTestScores
FN:41,getScores
FN:45,getAddScores
FNF:5
FNH:5
FNDA:1,getOddNumbers
FNDA:1,getWordsGreaterThanFourLetters
FNDA:10,getTestScores
FNDA:1,getScores
FNDA:1,getAddScores
DA:1,1
DA:2,1
DA:3,1
DA:4,1
DA:5,1
DA:6,1
DA:7,1
DA:8,1
DA:9,1
DA:10,1
DA:11,1
DA:12,1
DA:13,1
DA:14,1
DA:15,1
DA:16,1
DA:17,1
DA:18,1
DA:19,1
DA:20,1
DA:21,1
DA:22,1
DA:23,1
DA:24,1
DA:25,1
DA:26,1
DA:27,1
DA:28,1
DA:29,1
DA:30,1
DA:31,1
DA:32,1
DA:33,1
DA:34,1
DA:35,1
DA:36,1
DA:37,10
DA:38,10
DA:39,10
DA:40,1
DA:41,1
DA:42,1
DA:43,1
DA:44,1
DA:45,1
DA:46,1
DA:47,1
DA:48,1
DA:49,1
DA:50,1
LF:50
LH:50
BRDA:12,0,0,1
BRDA:13,1,0,7
BRDA:24,2,0,1
BRDA:25,3,0,5
BRDA:36,4,0,10
BRDA:41,5,0,1
BRDA:45,6,0,1
BRDA:46,7,0,5
BRF:8
BRH:8
end_of_record
